Arguments: 
  C:\Program Files\nodejs\node.exe C:\Users\86130\AppData\Roaming\npm\node_modules\yarn\bin\yarn.js add react-css-modules

PATH: 
  C:\Program Files\Common Files\Oracle\Java\javapath;C:\Program Files (x86)\Common Files\Oracle\Java\javapath;C:\Program Files (x86)\NetSarang\Xftp 6\;C:\Program Files (x86)\NetSarang\Xshell 6\;C:\WINDOWS\system32;C:\WINDOWS;C:\WINDOWS\System32\Wbem;C:\WINDOWS\System32\WindowsPowerShell\v1.0\;C:\WINDOWS\System32\OpenSSH\;C:\Program Files\Git\cmd;C:\Users\86130\AppData\Roaming\nvm;C:\Program Files\nodejs;C:\Program Files\Java\jdk-16.0.2\bin;C:\Program Files\TortoiseSVN\bin;C:\Program Files\nodejs\;C:\Program Files\Go\bin;C:\Users\86130\AppData\Local\Microsoft\WindowsApps;C:\work\Microsoft VS Code\bin;C:\Users\86130\AppData\Roaming\nvm;C:\Program Files\nodejs;C:\Program Files\Java\jdk-16.0.2\bin;;C:\application\IntelliJ IDEA 2020.1\bin;;C:\Users\86130\AppData\Roaming\npm;C:\Users\86130\go\bin

Yarn version: 
  1.22.11

Node version: 
  16.14.0

Platform: 
  win32 x64

Trace: 
  Error: EPERM: operation not permitted, unlink 'C:\work\xyy-library\node_modules\node-sass\vendor\win32-x64-93\binding.node'

npm manifest: 
  {
    "name": "xyy-library",
    "version": "1.0.0",
    "description": "",
    "main": "dist/main.js",
    "module": "src/index.js",
    "scripts": {
      "test": "echo \"Error: no test specified\" && exit 1",
      "build:dev": "npx webpack --config ./build/webpack.dev.conf.js",
      "build": "webpack --config ./build/webpack.prod.conf.js",
      "dev": "webpack-dev-server --config ./build/webpack.dev.conf.js"
    },
    "repository": {
      "type": "git",
      "url": "git+https://github.com/lucy3505/xyy-library.git"
    },
    "keywords": [],
    "author": "",
    "license": "ISC",
    "bugs": {
      "url": "https://github.com/lucy3505/xyy-library/issues"
    },
    "homepage": "https://github.com/lucy3505/xyy-library#readme",
    "devDependencies": {
      "@babel/core": "^7.18.0",
      "@babel/preset-env": "^7.18.0",
      "@babel/preset-react": "^7.17.12",
      "babel-loader": "^8.2.5",
      "clean-webpack-plugin": "^4.0.0",
      "css-loader": "^6.7.1",
      "happypack": "^5.0.1",
      "html-webpack-plugin": "^5.5.0",
      "node-sass": "^7.0.1",
      "postcss-loader": "^7.0.0",
      "sass-loader": "^13.0.0",
      "style-loader": "^3.3.1",
      "webpack": "^5.72.1",
      "webpack-cli": "^4.9.2",
      "webpack-dev-server": "^4.9.0",
      "webpack-merge": "^5.8.0"
    },
    "dependencies": {
      "antd": "^4.20.5",
      "core-js": "^2.6.12",
      "lodash": "^4.17.21",
      "moment": "^2.29.3",
      "react": "^18.1.0",
      "react-dom": "^18.1.0"
    }
  }

yarn manifest: 
  No manifest

Lockfile: 
  No lockfile
